<?xml version="1.0" encoding="UTF-8"?>
<!-- Generated by org.testng.reporters.JUnitReportReporter -->
<testsuite hostname="Dhruv" failures="0" tests="7" name="phase3project.EndToEndTest" time="4.608" errors="0" timestamp="18 Jul 2023 04:27:28 GMT" skipped="0">
  <testcase classname="phase3project.EndToEndTest" name="TC04_GetEmployee" time="0.047"/>
  <testcase classname="phase3project.EndToEndTest" name="TC01_GetAllEmployee" time="3.359"/>
  <testcase classname="phase3project.EndToEndTest" name="TC03_UpdateEmployee" time="0.256"/>
  <testcase classname="phase3project.EndToEndTest" name="TC02_CreateEmployee" time="0.702"/>
  <testcase classname="phase3project.EndToEndTest" name="TC05_DeleteEmployee" time="0.180"/>
  <testcase classname="phase3project.EndToEndTest" name="TC07_GetAllEmployee" time="0.039"/>
  <testcase classname="phase3project.EndToEndTest" name="TC06_GetEmployee" time="0.025"/>
</testsuite> <!-- phase3project.EndToEndTest -->
