<?xml version="1.0" encoding="UTF-8"?>
<!-- Generated by org.testng.reporters.JUnitReportReporter -->
<testsuite hostname="Dhruv" failures="0" tests="7" name="phase3project.Phase3Project" time="3.381" errors="0" timestamp="16 Jul 2023 08:45:49 GMT" skipped="0">
  <testcase classname="phase3project.Phase3Project" name="TC04_GetEmployee" time="0.036"/>
  <testcase classname="phase3project.Phase3Project" name="TC01_GetAllEmployee" time="2.770"/>
  <testcase classname="phase3project.Phase3Project" name="TC03_UpdateEmployee" time="0.210"/>
  <testcase classname="phase3project.Phase3Project" name="TC02_CreateEmployee" time="0.192"/>
  <testcase classname="phase3project.Phase3Project" name="TC05_DeleteEmployee" time="0.070"/>
  <testcase classname="phase3project.Phase3Project" name="TC07_GetAllEmployee" time="0.077"/>
  <testcase classname="phase3project.Phase3Project" name="TC06_GetEmployee" time="0.026"/>
</testsuite> <!-- phase3project.Phase3Project -->
