<?xml version="1.0" encoding="UTF-8"?>
<!-- Generated by org.testng.reporters.JUnitReportReporter -->
<testsuite hostname="Dhruv" failures="0" tests="1" name="phase3project.GetAllEmployees" time="3.369" errors="0" timestamp="16 Jul 2023 06:14:44 GMT" skipped="0">
  <testcase classname="phase3project.GetAllEmployees" name="test" time="3.369"/>
</testsuite> <!-- phase3project.GetAllEmployees -->
