<?xml version="1.0" encoding="UTF-8"?>
<!-- Generated by org.testng.reporters.JUnitReportReporter -->
<testsuite hostname="Dhruv" failures="0" tests="1" name="phase3project.GetEmployee" time="2.312" errors="0" timestamp="16 Jul 2023 06:14:28 GMT" skipped="0">
  <testcase classname="phase3project.GetEmployee" name="test" time="2.312"/>
</testsuite> <!-- phase3project.GetEmployee -->
