<?xml version="1.0" encoding="UTF-8"?>
<!-- Generated by org.testng.reporters.JUnitReportReporter -->
<testsuite hostname="Dhruv" failures="0" tests="1" name="phase3project.UpdateEmployee" time="2.707" errors="0" timestamp="16 Jul 2023 05:38:41 GMT" skipped="0">
  <testcase classname="phase3project.UpdateEmployee" name="test" time="2.707"/>
</testsuite> <!-- phase3project.UpdateEmployee -->
