<?xml version="1.0" encoding="UTF-8"?>
<!-- Generated by org.testng.reporters.JUnitReportReporter -->
<testsuite hostname="Dhruv" failures="0" tests="1" name="phase3project.DeleteEmployee" time="3.857" errors="0" timestamp="16 Jul 2023 05:59:32 GMT" skipped="0">
  <testcase classname="phase3project.DeleteEmployee" name="test" time="3.857"/>
</testsuite> <!-- phase3project.DeleteEmployee -->
